<?xml version="1.0" encoding="UTF-8"?>
<!-- Generated by org.testng.reporters.JUnitXMLReporter -->
<testsuite ignored="0" hostname="Sandeep" failures="1" tests="2" name="Test" time="2.641" errors="0" timestamp="2023-10-03T20:56:11 IST">
  <testcase classname="ITstListener_1.TestCase1" name="senerio1" time="0.41"/>
  <testcase classname="ITstListener_1.TestCase1" name="senerio1" time="2.606">
    <failure type="java.lang.NullPointerException" message="Cannot invoke &amp;quot;org.openqa.selenium.WebElement.sendKeys(java.lang.CharSequence[])&amp;quot; because &amp;quot;this.search&amp;quot; is null">
      <![CDATA[java.lang.NullPointerException: Cannot invoke "org.openqa.selenium.WebElement.sendKeys(java.lang.CharSequence[])" because "this.search" is null
at ITstListener_1.TestCase1.senerio1(TestCase1.java:27)
at ITstListener_1.Reporting.onTestSuccess(Reporting.java:30)
at java.base/java.util.ArrayList.forEach(ArrayList.java:1511)
... Removed 24 stack frames]]>
    </failure>
  </testcase> <!-- senerio1 -->
</testsuite> <!-- Test -->
