<?xml version="1.0" encoding="UTF-8"?>
<testng-results ignored="0" total="2" passed="2" failed="0" skipped="0">
  <reporter-output>
  </reporter-output>
  <suite started-at="2023-10-03T20:16:08 IST" name="Suite" finished-at="2023-10-03T20:17:18 IST" duration-ms="69904">
    <groups>
    </groups>
    <test started-at="2023-10-03T20:16:08 IST" name="Testedge" finished-at="2023-10-03T20:17:17 IST" duration-ms="69151">
      <class name="Amazon_ParallelTesting.CCPayment">
        <test-method signature="creditcard(java.lang.String)[pri:0, instance:Amazon_ParallelTesting.CCPayment@46cdf8bd]" started-at="2023-10-03T20:16:08 IST" name="creditcard" finished-at="2023-10-03T20:17:17 IST" duration-ms="69079" status="PASS">
          <params>
            <param index="0">
              <value>
                <![CDATA[edge]]>
              </value>
            </param>
          </params>
          <reporter-output>
          </reporter-output>
        </test-method> <!-- creditcard -->
      </class> <!-- Amazon_ParallelTesting.CCPayment -->
    </test> <!-- Testedge -->
    <test started-at="2023-10-03T20:16:08 IST" name="Testchrome" finished-at="2023-10-03T20:17:18 IST" duration-ms="69904">
      <class name="Amazon_ParallelTesting.CCPayment">
        <test-method signature="creditcard(java.lang.String)[pri:0, instance:Amazon_ParallelTesting.CCPayment@6253c26]" started-at="2023-10-03T20:16:08 IST" name="creditcard" finished-at="2023-10-03T20:17:18 IST" duration-ms="69838" status="PASS">
          <params>
            <param index="0">
              <value>
                <![CDATA[chrome]]>
              </value>
            </param>
          </params>
          <reporter-output>
          </reporter-output>
        </test-method> <!-- creditcard -->
      </class> <!-- Amazon_ParallelTesting.CCPayment -->
    </test> <!-- Testchrome -->
  </suite> <!-- Suite -->
</testng-results>
