<?xml version="1.0" encoding="UTF-8"?>
<testng-results ignored="0" total="1" passed="1" failed="0" skipped="0">
  <reporter-output>
  </reporter-output>
  <suite started-at="2023-10-19T21:49:06 IST" name="Default suite" finished-at="2023-10-19T21:49:06 IST" duration-ms="43">
    <groups>
    </groups>
    <test started-at="2023-10-19T21:49:06 IST" name="Default test" finished-at="2023-10-19T21:49:06 IST" duration-ms="43">
      <class name="Selenium.GroTechMinds_Automation.URL_Class">
        <test-method signature="method1()[pri:0, instance:Selenium.GroTechMinds_Automation.URL_Class@4310d43]" started-at="2023-10-19T21:49:06 IST" name="method1" finished-at="2023-10-19T21:49:06 IST" duration-ms="7" status="PASS">
          <reporter-output>
          </reporter-output>
        </test-method> <!-- method1 -->
      </class> <!-- Selenium.GroTechMinds_Automation.URL_Class -->
    </test> <!-- Default test -->
  </suite> <!-- Default suite -->
</testng-results>
