<?xml version="1.0" encoding="UTF-8"?>
<testng-results ignored="0" total="1" passed="1" failed="0" skipped="0">
  <reporter-output>
  </reporter-output>
  <suite started-at="2023-10-19T21:35:14 IST" name="Default suite" finished-at="2023-10-19T21:35:37 IST" duration-ms="23319">
    <groups>
    </groups>
    <test started-at="2023-10-19T21:35:14 IST" name="Default test" finished-at="2023-10-19T21:35:37 IST" duration-ms="23319">
      <class name="amazon.test.TestCase2">
        <test-method is-config="true" signature="amazonurl()[pri:0, instance:amazon.test.TestCase2@7e057f43]" started-at="2023-10-19T21:35:14 IST" name="amazonurl" finished-at="2023-10-19T21:35:21 IST" duration-ms="7227" status="PASS">
          <reporter-output>
          </reporter-output>
        </test-method> <!-- amazonurl -->
        <test-method signature="tc2()[pri:0, instance:amazon.test.TestCase2@7e057f43]" started-at="2023-10-19T21:35:21 IST" name="tc2" finished-at="2023-10-19T21:35:37 IST" duration-ms="15991" status="PASS">
          <reporter-output>
          </reporter-output>
        </test-method> <!-- tc2 -->
        <test-method is-config="true" signature="browserquit()[pri:0, instance:amazon.test.TestCase2@7e057f43]" started-at="2023-10-19T21:35:37 IST" name="browserquit" finished-at="2023-10-19T21:35:37 IST" duration-ms="1" status="PASS">
          <reporter-output>
          </reporter-output>
        </test-method> <!-- browserquit -->
      </class> <!-- amazon.test.TestCase2 -->
    </test> <!-- Default test -->
  </suite> <!-- Default suite -->
</testng-results>
